INFO: Базовая директория: \\Mac\Home\Desktop\Выгрузка 1С - Татьяна
INFO: Читаю спецификацию \\Mac\Home\Desktop\Выгрузка 1С - Татьяна\Pallet 2.xlsx (вторая страница)
ERROR: Не удалось загрузить спецификацию: Worksheet index 1 is invalid, 1 worksheets found
  → Рекомендация: Убедитесь, что файл спецификации содержит вторую страницу (лист) с данными.
ERROR: Не удалось загрузить спецификацию. Обработка остановлена.
INFO: Базовая директория: \\Mac\Home\Desktop\Выгрузка 1С - Татьяна
INFO: Читаю спецификацию \\Mac\Home\Desktop\Спецификация. 0000-Q_002-M_(A).xlsx (вторая страница)
INFO: Читаю \\Mac\Home\Desktop\Выгрузка 1С - Татьяна\Pallet 1.xlsx
INFO: В Pallet 1.xlsx: извлечён код палета '(00)446602538100002351', удалено 55 строк.
INFO: Читаю \\Mac\Home\Desktop\Выгрузка 1С - Татьяна\Pallet 2.xlsx
INFO: В Pallet 2.xlsx: извлечён код палета '(00)446602538100002368', удалено 55 строк.
INFO: Читаю \\Mac\Home\Desktop\Выгрузка 1С - Татьяна\Pallet 3.xlsx
INFO: В Pallet 3.xlsx: извлечён код палета '(00)446602538100002375', удалено 55 строк.
INFO: Читаю \\Mac\Home\Desktop\Выгрузка 1С - Татьяна\Pallet 4.xlsx
INFO: В Pallet 4.xlsx: извлечён код палета '(00)446602538100002382', удалено 55 строк.
INFO: Читаю \\Mac\Home\Desktop\Выгрузка 1С - Татьяна\Pallet 5.xlsx
INFO: В Pallet 5.xlsx: извлечён код палета '(00)446602538100002399', удалено 55 строк.
INFO: Читаю \\Mac\Home\Desktop\Выгрузка 1С - Татьяна\Pallet 6.xlsx
INFO: В Pallet 6.xlsx: извлечён код палета '(00)446602538100002405', удалено 55 строк.
INFO: Читаю \\Mac\Home\Desktop\Выгрузка 1С - Татьяна\Pallet 7.xlsx
INFO: В Pallet 7.xlsx: извлечён код палета '(00)446602538100002412', удалено 55 строк.
INFO: Читаю \\Mac\Home\Desktop\Выгрузка 1С - Татьяна\Pallet 8.xlsx
INFO: В Pallet 8.xlsx: извлечён код палета '(00)446602538100002429', удалено 55 строк.
INFO: Читаю \\Mac\Home\Desktop\Выгрузка 1С - Татьяна\Pallet 9.xlsx
INFO: В Pallet 9.xlsx: извлечён код палета '(00)446602538100002436', удалено 55 строк.
INFO: Читаю \\Mac\Home\Desktop\Выгрузка 1С - Татьяна\Pallet 10.xlsx
INFO: В Pallet 10.xlsx: извлечён код палета '(00)446602538100002443', удалено 55 строк.
INFO: Читаю \\Mac\Home\Desktop\Выгрузка 1С - Татьяна\Pallet 11.xlsx
INFO: В Pallet 11.xlsx: извлечён код палета '(00)446602538100002450', удалено 55 строк.
INFO: Читаю \\Mac\Home\Desktop\Выгрузка 1С - Татьяна\Pallet 12.xlsx
INFO: В Pallet 12.xlsx: извлечён код палета '(00)446602538100002467', удалено 55 строк.
INFO: Читаю \\Mac\Home\Desktop\Выгрузка 1С - Татьяна\Pallet 13.xlsx
INFO: В Pallet 13.xlsx: извлечён код палета '(00)446602538100002474', удалено 55 строк.
INFO: Читаю \\Mac\Home\Desktop\Выгрузка 1С - Татьяна\Pallet 14.xlsx
INFO: В Pallet 14.xlsx: извлечён код палета '(00)446602538100002481', удалено 55 строк.
INFO: Читаю \\Mac\Home\Desktop\Выгрузка 1С - Татьяна\Pallet 15.xlsx
INFO: В Pallet 15.xlsx: извлечён код палета '(00)446602538100002498', удалено 73 строк.
INFO: Читаю \\Mac\Home\Desktop\Выгрузка 1С - Татьяна\Pallet 16.xlsx
INFO: В Pallet 16.xlsx: извлечён код палета '(00)446602538100002504', удалено 73 строк.
INFO: Читаю \\Mac\Home\Desktop\Выгрузка 1С - Татьяна\Pallet 17.xlsx
INFO: В Pallet 17.xlsx: извлечён код палета '(00)446602538100002511', удалено 73 строк.
INFO: Читаю \\Mac\Home\Desktop\Выгрузка 1С - Татьяна\Pallet 18.xlsx
INFO: В Pallet 18.xlsx: извлечён код палета '(00)446602538100002528', удалено 73 строк.
INFO: Читаю \\Mac\Home\Desktop\Выгрузка 1С - Татьяна\Pallet 19.xlsx
INFO: В Pallet 19.xlsx: извлечён код палета '(00)446602538100002535', удалено 73 строк.
INFO: Читаю \\Mac\Home\Desktop\Выгрузка 1С - Татьяна\Pallet 20.xlsx
INFO: В Pallet 20.xlsx: извлечён код палета '(00)446602538100002542', удалено 73 строк.
INFO: Читаю \\Mac\Home\Desktop\Выгрузка 1С - Татьяна\Pallet 21.xlsx
INFO: В Pallet 21.xlsx: извлечён код палета '(00)446602538100002559', удалено 73 строк.
INFO: Читаю \\Mac\Home\Desktop\Выгрузка 1С - Татьяна\Pallet 22.xlsx
INFO: В Pallet 22.xlsx: извлечён код палета '(00)446602538100002566', удалено 73 строк.
INFO: Читаю \\Mac\Home\Desktop\Выгрузка 1С - Татьяна\Pallet 23.xlsx
INFO: В Pallet 23.xlsx: извлечён код палета '(00)446602538100002573', удалено 73 строк.
INFO: Читаю \\Mac\Home\Desktop\Выгрузка 1С - Татьяна\Pallet 24.xlsx
INFO: В Pallet 24.xlsx: извлечён код палета '(00)446602538100002580', удалено 73 строк.
INFO: Читаю \\Mac\Home\Desktop\Выгрузка 1С - Татьяна\Pallet 25.xlsx
INFO: В Pallet 25.xlsx: извлечён код палета '(00)446602538100002597', удалено 73 строк.
INFO: Читаю \\Mac\Home\Desktop\Выгрузка 1С - Татьяна\Pallet 1.xlsx
INFO: В Pallet 1.xlsx: извлечён код палета '(00)446602538100002351', удалено 55 строк.
INFO: Читаю \\Mac\Home\Desktop\Выгрузка 1С - Татьяна\Pallet 2.xlsx
INFO: В Pallet 2.xlsx: извлечён код палета '(00)446602538100002368', удалено 55 строк.
INFO: Читаю \\Mac\Home\Desktop\Выгрузка 1С - Татьяна\Pallet 3.xlsx
INFO: В Pallet 3.xlsx: извлечён код палета '(00)446602538100002375', удалено 55 строк.
INFO: Читаю \\Mac\Home\Desktop\Выгрузка 1С - Татьяна\Pallet 4.xlsx
INFO: В Pallet 4.xlsx: извлечён код палета '(00)446602538100002382', удалено 55 строк.
INFO: Читаю \\Mac\Home\Desktop\Выгрузка 1С - Татьяна\Pallet 5.xlsx
INFO: В Pallet 5.xlsx: извлечён код палета '(00)446602538100002399', удалено 55 строк.
INFO: Читаю \\Mac\Home\Desktop\Выгрузка 1С - Татьяна\Pallet 6.xlsx
INFO: В Pallet 6.xlsx: извлечён код палета '(00)446602538100002405', удалено 55 строк.
INFO: Читаю \\Mac\Home\Desktop\Выгрузка 1С - Татьяна\Pallet 7.xlsx
INFO: В Pallet 7.xlsx: извлечён код палета '(00)446602538100002412', удалено 55 строк.
INFO: Читаю \\Mac\Home\Desktop\Выгрузка 1С - Татьяна\Pallet 8.xlsx
INFO: В Pallet 8.xlsx: извлечён код палета '(00)446602538100002429', удалено 55 строк.
INFO: Читаю \\Mac\Home\Desktop\Выгрузка 1С - Татьяна\Pallet 9.xlsx
INFO: В Pallet 9.xlsx: извлечён код палета '(00)446602538100002436', удалено 55 строк.
INFO: Читаю \\Mac\Home\Desktop\Выгрузка 1С - Татьяна\Pallet 10.xlsx
INFO: В Pallet 10.xlsx: извлечён код палета '(00)446602538100002443', удалено 55 строк.
INFO: Читаю \\Mac\Home\Desktop\Выгрузка 1С - Татьяна\Pallet 11.xlsx
INFO: В Pallet 11.xlsx: извлечён код палета '(00)446602538100002450', удалено 55 строк.
INFO: Читаю \\Mac\Home\Desktop\Выгрузка 1С - Татьяна\Pallet 12.xlsx
INFO: В Pallet 12.xlsx: извлечён код палета '(00)446602538100002467', удалено 55 строк.
INFO: Читаю \\Mac\Home\Desktop\Выгрузка 1С - Татьяна\Pallet 13.xlsx
INFO: В Pallet 13.xlsx: извлечён код палета '(00)446602538100002474', удалено 55 строк.
INFO: Читаю \\Mac\Home\Desktop\Выгрузка 1С - Татьяна\Pallet 14.xlsx
INFO: В Pallet 14.xlsx: извлечён код палета '(00)446602538100002481', удалено 55 строк.
INFO: Читаю \\Mac\Home\Desktop\Выгрузка 1С - Татьяна\Pallet 15.xlsx
INFO: В Pallet 15.xlsx: извлечён код палета '(00)446602538100002498', удалено 73 строк.
INFO: Читаю \\Mac\Home\Desktop\Выгрузка 1С - Татьяна\Pallet 16.xlsx
INFO: В Pallet 16.xlsx: извлечён код палета '(00)446602538100002504', удалено 73 строк.
INFO: Читаю \\Mac\Home\Desktop\Выгрузка 1С - Татьяна\Pallet 17.xlsx
INFO: В Pallet 17.xlsx: извлечён код палета '(00)446602538100002511', удалено 73 строк.
INFO: Читаю \\Mac\Home\Desktop\Выгрузка 1С - Татьяна\Pallet 18.xlsx
INFO: В Pallet 18.xlsx: извлечён код палета '(00)446602538100002528', удалено 73 строк.
INFO: Читаю \\Mac\Home\Desktop\Выгрузка 1С - Татьяна\Pallet 19.xlsx
INFO: В Pallet 19.xlsx: извлечён код палета '(00)446602538100002535', удалено 73 строк.
INFO: Читаю \\Mac\Home\Desktop\Выгрузка 1С - Татьяна\Pallet 20.xlsx
INFO: В Pallet 20.xlsx: извлечён код палета '(00)446602538100002542', удалено 73 строк.
INFO: Читаю \\Mac\Home\Desktop\Выгрузка 1С - Татьяна\Pallet 21.xlsx
INFO: В Pallet 21.xlsx: извлечён код палета '(00)446602538100002559', удалено 73 строк.
INFO: Читаю \\Mac\Home\Desktop\Выгрузка 1С - Татьяна\Pallet 22.xlsx
INFO: В Pallet 22.xlsx: извлечён код палета '(00)446602538100002566', удалено 73 строк.
INFO: Читаю \\Mac\Home\Desktop\Выгрузка 1С - Татьяна\Pallet 23.xlsx
INFO: В Pallet 23.xlsx: извлечён код палета '(00)446602538100002573', удалено 73 строк.
INFO: Читаю \\Mac\Home\Desktop\Выгрузка 1С - Татьяна\Pallet 24.xlsx
INFO: В Pallet 24.xlsx: извлечён код палета '(00)446602538100002580', удалено 73 строк.
INFO: Читаю \\Mac\Home\Desktop\Выгрузка 1С - Татьяна\Pallet 25.xlsx
INFO: В Pallet 25.xlsx: извлечён код палета '(00)446602538100002597', удалено 73 строк.
INFO: Order ID: 0000-Q_002_М_(0)
INFO: SKU 'Clausthaler Dry Hopped': объединено 14 файлов, строк: 18144
INFO: Результат сохранён в \\Mac\Home\Desktop\Выгрузка 1С - Татьяна\ОТЧЕТ. 0000-Q_002_М_(0)_Clausthaler_Dry_Hopped.xls
INFO: SKU 'Clausthaler Original': объединено 11 файлов, строк: 19008
INFO: Результат сохранён в \\Mac\Home\Desktop\Выгрузка 1С - Татьяна\ОТЧЕТ. 0000-Q_002_М_(0)_Clausthaler_Original.xls
